-------------------------------------------------------------------------------
Test set: dev.danvega.danson.post.PostControllerAlex3
-------------------------------------------------------------------------------
Tests run: 1, Failures: 0, Errors: 1, Skipped: 0, Time elapsed: 62.87 s <<< FAILURE! -- in dev.danvega.danson.post.PostControllerAlex3
dev.danvega.danson.post.PostControllerAlex3 -- Time elapsed: 62.87 s <<< ERROR!
org.testcontainers.containers.ContainerLaunchException: Container startup failed for image postgres:16.0
	at org.testcontainers.containers.GenericContainer.doStart(GenericContainer.java:361)
	at org.testcontainers.containers.GenericContainer.start(GenericContainer.java:334)
	at org.testcontainers.junit.jupiter.TestcontainersExtension$StoreAdapter.start(TestcontainersExtension.java:280)
	at org.testcontainers.junit.jupiter.TestcontainersExtension$StoreAdapter.access$200(TestcontainersExtension.java:267)
	at org.testcontainers.junit.jupiter.TestcontainersExtension.lambda$null$4(TestcontainersExtension.java:82)
	at org.testcontainers.junit.jupiter.TestcontainersExtension.lambda$startContainers$5(TestcontainersExtension.java:82)
	at java.base/java.util.ArrayList.forEach(ArrayList.java:1596)
	at org.testcontainers.junit.jupiter.TestcontainersExtension.startContainers(TestcontainersExtension.java:82)
	at org.testcontainers.junit.jupiter.TestcontainersExtension.beforeAll(TestcontainersExtension.java:56)
	at java.base/java.util.ArrayList.forEach(ArrayList.java:1596)
Caused by: org.rnorth.ducttape.RetryCountExceededException: Retry limit hit with exception
	at org.rnorth.ducttape.unreliables.Unreliables.retryUntilSuccess(Unreliables.java:88)
	at org.testcontainers.containers.GenericContainer.doStart(GenericContainer.java:346)
	... 9 more
Caused by: org.testcontainers.containers.ContainerLaunchException: Could not create/start container
	at org.testcontainers.containers.GenericContainer.tryStart(GenericContainer.java:565)
	at org.testcontainers.containers.GenericContainer.lambda$doStart$0(GenericContainer.java:356)
	at org.rnorth.ducttape.unreliables.Unreliables.retryUntilSuccess(Unreliables.java:81)
	... 10 more
Caused by: java.lang.IllegalStateException: Wait strategy failed. Container exited with code 3
	at org.testcontainers.containers.GenericContainer.tryStart(GenericContainer.java:535)
	... 12 more
Caused by: org.testcontainers.containers.ContainerLaunchException: Timed out waiting for log output matching '.*database system is ready to accept connections.*\s'
	at org.testcontainers.containers.wait.strategy.LogMessageWaitStrategy.waitUntilReady(LogMessageWaitStrategy.java:47)
	at org.testcontainers.containers.wait.strategy.AbstractWaitStrategy.waitUntilReady(AbstractWaitStrategy.java:52)
	at org.testcontainers.containers.PostgreSQLContainer.waitUntilContainerStarted(PostgreSQLContainer.java:147)
	at org.testcontainers.containers.GenericContainer.tryStart(GenericContainer.java:502)
	... 12 more

